This file contains any messages produced by compilers while
running configure, to aid debugging if configure makes a mistake.

It was created by libstelephony configure 2.0.0, which was
generated by GNU Autoconf 2.69.  Invocation command line was

  $ ./configure --prefix=/usr

## --------- ##
## Platform. ##
## --------- ##

hostname = kercheep
uname -m = x86_64
uname -r = 4.9.0-14-amd64
uname -s = Linux
uname -v = #1 SMP Debian 4.9.246-2 (2020-12-17)

/usr/bin/uname -p = unknown
/bin/uname -X     = unknown

/bin/arch              = unknown
/usr/bin/arch -k       = unknown
/usr/convex/getsysinfo = unknown
/usr/bin/hostinfo      = unknown
/bin/machine           = unknown
/usr/bin/oslevel       = unknown
/bin/universe          = unknown

PATH: /usr/local/sbin
PATH: /usr/local/bin
PATH: /usr/sbin
PATH: /usr/bin
PATH: /sbin
PATH: /bin
PATH: /bin
PATH: /sbin
PATH: /usr/bin
PATH: /usr/sbin


## ----------- ##
## Core tests. ##
## ----------- ##

configure:2399: checking for a BSD-compatible install
configure:2467: result: /usr/bin/install -c
configure:2478: checking whether build environment is sane
configure:2533: result: yes
configure:2684: checking for a thread-safe mkdir -p
configure:2723: result: /bin/mkdir -p
configure:2730: checking for gawk
configure:2746: found /usr/bin/gawk
configure:2757: result: gawk
configure:2768: checking whether make sets $(MAKE)
configure:2790: result: yes
configure:2819: checking whether make supports nested variables
configure:2836: result: yes
configure:3012: checking for gcc
configure:3028: found /usr/bin/gcc
configure:3039: result: gcc
configure:3268: checking for C compiler version
configure:3277: gcc --version >&5
gcc (Debian 6.3.0-18+deb9u1) 6.3.0 20170516
Copyright (C) 2016 Free Software Foundation, Inc.
This is free software; see the source for copying conditions.  There is NO
warranty; not even for MERCHANTABILITY or FITNESS FOR A PARTICULAR PURPOSE.

configure:3288: $? = 0
configure:3277: gcc -v >&5
Using built-in specs.
COLLECT_GCC=gcc
COLLECT_LTO_WRAPPER=/usr/lib/gcc/x86_64-linux-gnu/6/lto-wrapper
Target: x86_64-linux-gnu
Configured with: ../src/configure -v --with-pkgversion='Debian 6.3.0-18+deb9u1' --with-bugurl=file:///usr/share/doc/gcc-6/README.Bugs --enable-languages=c,ada,c++,java,go,d,fortran,objc,obj-c++ --prefix=/usr --program-suffix=-6 --program-prefix=x86_64-linux-gnu- --enable-shared --enable-linker-build-id --libexecdir=/usr/lib --without-included-gettext --enable-threads=posix --libdir=/usr/lib --enable-nls --with-sysroot=/ --enable-clocale=gnu --enable-libstdcxx-debug --enable-libstdcxx-time=yes --with-default-libstdcxx-abi=new --enable-gnu-unique-object --disable-vtable-verify --enable-libmpx --enable-plugin --enable-default-pie --with-system-zlib --disable-browser-plugin --enable-java-awt=gtk --enable-gtk-cairo --with-java-home=/usr/lib/jvm/java-1.5.0-gcj-6-amd64/jre --enable-java-home --with-jvm-root-dir=/usr/lib/jvm/java-1.5.0-gcj-6-amd64 --with-jvm-jar-dir=/usr/lib/jvm-exports/java-1.5.0-gcj-6-amd64 --with-arch-directory=amd64 --with-ecj-jar=/usr/share/java/eclipse-ecj.jar --with-target-system-zlib --enable-objc-gc=auto --enable-multiarch --with-arch-32=i686 --with-abi=m64 --with-multilib-list=m32,m64,mx32 --enable-multilib --with-tune=generic --enable-checking=release --build=x86_64-linux-gnu --host=x86_64-linux-gnu --target=x86_64-linux-gnu
Thread model: posix
gcc version 6.3.0 20170516 (Debian 6.3.0-18+deb9u1) 
configure:3288: $? = 0
configure:3277: gcc -V >&5
gcc: error: unrecognized command line option '-V'
gcc: fatal error: no input files
compilation terminated.
configure:3288: $? = 1
configure:3277: gcc -qversion >&5
gcc: error: unrecognized command line option '-qversion'; did you mean '--version'?
gcc: fatal error: no input files
compilation terminated.
configure:3288: $? = 1
configure:3308: checking whether the C compiler works
configure:3330: gcc    conftest.c  >&5
configure:3334: $? = 0
configure:3382: result: yes
configure:3385: checking for C compiler default output file name
configure:3387: result: a.out
configure:3393: checking for suffix of executables
configure:3400: gcc -o conftest    conftest.c  >&5
configure:3404: $? = 0
configure:3426: result: 
configure:3448: checking whether we are cross compiling
configure:3456: gcc -o conftest    conftest.c  >&5
configure:3460: $? = 0
configure:3467: ./conftest
configure:3471: $? = 0
configure:3486: result: no
configure:3491: checking for suffix of object files
configure:3513: gcc -c   conftest.c >&5
configure:3517: $? = 0
configure:3538: result: o
configure:3542: checking whether we are using the GNU C compiler
configure:3561: gcc -c   conftest.c >&5
configure:3561: $? = 0
configure:3570: result: yes
configure:3579: checking whether gcc accepts -g
configure:3599: gcc -c -g  conftest.c >&5
configure:3599: $? = 0
configure:3640: result: yes
configure:3657: checking for gcc option to accept ISO C89
configure:3720: gcc  -c -g -O2  conftest.c >&5
configure:3720: $? = 0
configure:3733: result: none needed
configure:3758: checking whether gcc understands -c and -o together
configure:3780: gcc -c conftest.c -o conftest2.o
configure:3783: $? = 0
configure:3780: gcc -c conftest.c -o conftest2.o
configure:3783: $? = 0
configure:3795: result: yes
configure:3823: checking for style of include used by make
configure:3851: result: GNU
configure:3877: checking dependency style of gcc
configure:3988: result: gcc3
configure:4061: checking for g++
configure:4077: found /usr/bin/g++
configure:4088: result: g++
configure:4115: checking for C++ compiler version
configure:4124: g++ --version >&5
g++ (Debian 6.3.0-18+deb9u1) 6.3.0 20170516
Copyright (C) 2016 Free Software Foundation, Inc.
This is free software; see the source for copying conditions.  There is NO
warranty; not even for MERCHANTABILITY or FITNESS FOR A PARTICULAR PURPOSE.

configure:4135: $? = 0
configure:4124: g++ -v >&5
Using built-in specs.
COLLECT_GCC=g++
COLLECT_LTO_WRAPPER=/usr/lib/gcc/x86_64-linux-gnu/6/lto-wrapper
Target: x86_64-linux-gnu
Configured with: ../src/configure -v --with-pkgversion='Debian 6.3.0-18+deb9u1' --with-bugurl=file:///usr/share/doc/gcc-6/README.Bugs --enable-languages=c,ada,c++,java,go,d,fortran,objc,obj-c++ --prefix=/usr --program-suffix=-6 --program-prefix=x86_64-linux-gnu- --enable-shared --enable-linker-build-id --libexecdir=/usr/lib --without-included-gettext --enable-threads=posix --libdir=/usr/lib --enable-nls --with-sysroot=/ --enable-clocale=gnu --enable-libstdcxx-debug --enable-libstdcxx-time=yes --with-default-libstdcxx-abi=new --enable-gnu-unique-object --disable-vtable-verify --enable-libmpx --enable-plugin --enable-default-pie --with-system-zlib --disable-browser-plugin --enable-java-awt=gtk --enable-gtk-cairo --with-java-home=/usr/lib/jvm/java-1.5.0-gcj-6-amd64/jre --enable-java-home --with-jvm-root-dir=/usr/lib/jvm/java-1.5.0-gcj-6-amd64 --with-jvm-jar-dir=/usr/lib/jvm-exports/java-1.5.0-gcj-6-amd64 --with-arch-directory=amd64 --with-ecj-jar=/usr/share/java/eclipse-ecj.jar --with-target-system-zlib --enable-objc-gc=auto --enable-multiarch --with-arch-32=i686 --with-abi=m64 --with-multilib-list=m32,m64,mx32 --enable-multilib --with-tune=generic --enable-checking=release --build=x86_64-linux-gnu --host=x86_64-linux-gnu --target=x86_64-linux-gnu
Thread model: posix
gcc version 6.3.0 20170516 (Debian 6.3.0-18+deb9u1) 
configure:4135: $? = 0
configure:4124: g++ -V >&5
g++: error: unrecognized command line option '-V'
g++: fatal error: no input files
compilation terminated.
configure:4135: $? = 1
configure:4124: g++ -qversion >&5
g++: error: unrecognized command line option '-qversion'; did you mean '--version'?
g++: fatal error: no input files
compilation terminated.
configure:4135: $? = 1
configure:4139: checking whether we are using the GNU C++ compiler
configure:4158: g++ -c   conftest.cpp >&5
configure:4158: $? = 0
configure:4167: result: yes
configure:4176: checking whether g++ accepts -g
configure:4196: g++ -c -g  conftest.cpp >&5
configure:4196: $? = 0
configure:4237: result: yes
configure:4262: checking dependency style of g++
configure:4373: result: gcc3
configure:4417: checking build system type
configure:4431: result: x86_64-pc-linux-gnu
configure:4451: checking host system type
configure:4464: result: x86_64-pc-linux-gnu
configure:4505: checking how to print strings
configure:4532: result: printf
configure:4553: checking for a sed that does not truncate output
configure:4617: result: /bin/sed
configure:4635: checking for grep that handles long lines and -e
configure:4693: result: /bin/grep
configure:4698: checking for egrep
configure:4760: result: /bin/grep -E
configure:4765: checking for fgrep
configure:4827: result: /bin/grep -F
configure:4862: checking for ld used by gcc
configure:4929: result: /usr/bin/ld
configure:4936: checking if the linker (/usr/bin/ld) is GNU ld
configure:4951: result: yes
configure:4963: checking for BSD- or MS-compatible name lister (nm)
configure:5017: result: /usr/bin/nm -B
configure:5147: checking the name lister (/usr/bin/nm -B) interface
configure:5154: gcc -c -g -O2  conftest.c >&5
configure:5157: /usr/bin/nm -B "conftest.o"
configure:5160: output
0000000000000000 B some_variable
configure:5167: result: BSD nm
configure:5170: checking whether ln -s works
configure:5174: result: yes
configure:5182: checking the maximum length of command line arguments
configure:5313: result: 1572864
configure:5361: checking how to convert x86_64-pc-linux-gnu file names to x86_64-pc-linux-gnu format
configure:5401: result: func_convert_file_noop
configure:5408: checking how to convert x86_64-pc-linux-gnu file names to toolchain format
configure:5428: result: func_convert_file_noop
configure:5435: checking for /usr/bin/ld option to reload object files
configure:5442: result: -r
configure:5516: checking for objdump
configure:5532: found /usr/bin/objdump
configure:5543: result: objdump
configure:5575: checking how to recognize dependent libraries
configure:5775: result: pass_all
configure:5860: checking for dlltool
configure:5890: result: no
configure:5920: checking how to associate runtime and link libraries
configure:5947: result: printf %s\n
configure:6008: checking for ar
configure:6024: found /usr/bin/ar
configure:6035: result: ar
configure:6072: checking for archiver @FILE support
configure:6089: gcc -c -g -O2  conftest.c >&5
configure:6089: $? = 0
configure:6092: ar cru libconftest.a @conftest.lst >&5
ar: `u' modifier ignored since `D' is the default (see `U')
configure:6095: $? = 0
configure:6100: ar cru libconftest.a @conftest.lst >&5
ar: `u' modifier ignored since `D' is the default (see `U')
ar: conftest.o: No such file or directory
configure:6103: $? = 1
configure:6115: result: @
configure:6173: checking for strip
configure:6189: found /usr/bin/strip
configure:6200: result: strip
configure:6272: checking for ranlib
configure:6288: found /usr/bin/ranlib
configure:6299: result: ranlib
configure:6401: checking command to parse /usr/bin/nm -B output from gcc object
configure:6554: gcc -c -g -O2  conftest.c >&5
configure:6557: $? = 0
configure:6561: /usr/bin/nm -B conftest.o \| sed -n -e 's/^.*[ ]\([ABCDGIRSTW][ABCDGIRSTW]*\)[ ][ ]*\([_A-Za-z][_A-Za-z0-9]*\)$/\1 \2 \2/p' | sed '/ __gnu_lto/d' \> conftest.nm
configure:6564: $? = 0
configure:6630: gcc -o conftest -g -O2   conftest.c conftstm.o >&5
configure:6633: $? = 0
configure:6671: result: ok
configure:6718: checking for sysroot
configure:6748: result: no
configure:6755: checking for a working dd
configure:6793: result: /bin/dd
configure:6797: checking how to truncate binary pipes
configure:6812: result: /bin/dd bs=4096 count=1
configure:6948: gcc -c -g -O2  conftest.c >&5
configure:6951: $? = 0
configure:7141: checking for mt
configure:7157: found /bin/mt
configure:7168: result: mt
configure:7191: checking if mt is a manifest tool
configure:7197: mt '-?'
configure:7205: result: no
configure:7882: checking how to run the C preprocessor
configure:7913: gcc -E  conftest.c
configure:7913: $? = 0
configure:7927: gcc -E  conftest.c
conftest.c:11:28: fatal error: ac_nonexistent.h: No such file or directory
 #include <ac_nonexistent.h>
                            ^
compilation terminated.
configure:7927: $? = 1
configure: failed program was:
| /* confdefs.h */
| #define PACKAGE_NAME "libstelephony"
| #define PACKAGE_TARNAME "libstelephony"
| #define PACKAGE_VERSION "2.0.0"
| #define PACKAGE_STRING "libstelephony 2.0.0"
| #define PACKAGE_BUGREPORT ""
| #define PACKAGE_URL ""
| #define PACKAGE "libstelephony"
| #define VERSION "2.0.0"
| /* end confdefs.h.  */
| #include <ac_nonexistent.h>
configure:7952: result: gcc -E
configure:7972: gcc -E  conftest.c
configure:7972: $? = 0
configure:7986: gcc -E  conftest.c
conftest.c:11:28: fatal error: ac_nonexistent.h: No such file or directory
 #include <ac_nonexistent.h>
                            ^
compilation terminated.
configure:7986: $? = 1
configure: failed program was:
| /* confdefs.h */
| #define PACKAGE_NAME "libstelephony"
| #define PACKAGE_TARNAME "libstelephony"
| #define PACKAGE_VERSION "2.0.0"
| #define PACKAGE_STRING "libstelephony 2.0.0"
| #define PACKAGE_BUGREPORT ""
| #define PACKAGE_URL ""
| #define PACKAGE "libstelephony"
| #define VERSION "2.0.0"
| /* end confdefs.h.  */
| #include <ac_nonexistent.h>
configure:8015: checking for ANSI C header files
configure:8035: gcc -c -g -O2  conftest.c >&5
configure:8035: $? = 0
configure:8108: gcc -o conftest -g -O2   conftest.c  >&5
configure:8108: $? = 0
configure:8108: ./conftest
configure:8108: $? = 0
configure:8119: result: yes
configure:8132: checking for sys/types.h
configure:8132: gcc -c -g -O2  conftest.c >&5
configure:8132: $? = 0
configure:8132: result: yes
configure:8132: checking for sys/stat.h
configure:8132: gcc -c -g -O2  conftest.c >&5
configure:8132: $? = 0
configure:8132: result: yes
configure:8132: checking for stdlib.h
configure:8132: gcc -c -g -O2  conftest.c >&5
configure:8132: $? = 0
configure:8132: result: yes
configure:8132: checking for string.h
configure:8132: gcc -c -g -O2  conftest.c >&5
configure:8132: $? = 0
configure:8132: result: yes
configure:8132: checking for memory.h
configure:8132: gcc -c -g -O2  conftest.c >&5
configure:8132: $? = 0
configure:8132: result: yes
configure:8132: checking for strings.h
configure:8132: gcc -c -g -O2  conftest.c >&5
configure:8132: $? = 0
configure:8132: result: yes
configure:8132: checking for inttypes.h
configure:8132: gcc -c -g -O2  conftest.c >&5
configure:8132: $? = 0
configure:8132: result: yes
configure:8132: checking for stdint.h
configure:8132: gcc -c -g -O2  conftest.c >&5
configure:8132: $? = 0
configure:8132: result: yes
configure:8132: checking for unistd.h
configure:8132: gcc -c -g -O2  conftest.c >&5
configure:8132: $? = 0
configure:8132: result: yes
configure:8146: checking for dlfcn.h
configure:8146: gcc -c -g -O2  conftest.c >&5
configure:8146: $? = 0
configure:8146: result: yes
configure:8413: checking for objdir
configure:8428: result: .libs
configure:8688: checking if gcc supports -fno-rtti -fno-exceptions
configure:8706: gcc -c -g -O2  -fno-rtti -fno-exceptions conftest.c >&5
cc1: warning: command line option '-fno-rtti' is valid for C++/ObjC++ but not for C
configure:8710: $? = 0
configure:8723: result: no
configure:9081: checking for gcc option to produce PIC
configure:9088: result: -fPIC -DPIC
configure:9096: checking if gcc PIC flag -fPIC -DPIC works
configure:9114: gcc -c -g -O2  -fPIC -DPIC -DPIC conftest.c >&5
configure:9118: $? = 0
configure:9131: result: yes
configure:9160: checking if gcc static flag -static works
configure:9188: result: yes
configure:9203: checking if gcc supports -c -o file.o
configure:9224: gcc -c -g -O2  -o out/conftest2.o conftest.c >&5
configure:9228: $? = 0
configure:9250: result: yes
configure:9258: checking if gcc supports -c -o file.o
configure:9305: result: yes
configure:9338: checking whether the gcc linker (/usr/bin/ld -m elf_x86_64) supports shared libraries
configure:10601: result: yes
configure:10638: checking whether -lc should be explicitly linked in
configure:10646: gcc -c -g -O2  conftest.c >&5
configure:10649: $? = 0
configure:10664: gcc -shared  -fPIC -DPIC conftest.o  -v -Wl,-soname -Wl,conftest -o conftest 2\>\&1 \| /bin/grep  -lc  \>/dev/null 2\>\&1
configure:10667: $? = 0
configure:10681: result: no
configure:10841: checking dynamic linker characteristics
configure:11422: gcc -o conftest -g -O2   -Wl,-rpath -Wl,/foo conftest.c  >&5
configure:11422: $? = 0
configure:11671: result: GNU/Linux ld.so
configure:11793: checking how to hardcode library paths into programs
configure:11818: result: immediate
configure:12366: checking whether stripping libraries is possible
configure:12371: result: yes
configure:12406: checking if libtool supports shared libraries
configure:12408: result: yes
configure:12411: checking whether to build shared libraries
configure:12436: result: yes
configure:12439: checking whether to build static libraries
configure:12443: result: yes
configure:12466: checking how to run the C++ preprocessor
configure:12493: g++ -E  conftest.cpp
configure:12493: $? = 0
configure:12507: g++ -E  conftest.cpp
conftest.cpp:23:28: fatal error: ac_nonexistent.h: No such file or directory
 #include <ac_nonexistent.h>
                            ^
compilation terminated.
configure:12507: $? = 1
configure: failed program was:
| /* confdefs.h */
| #define PACKAGE_NAME "libstelephony"
| #define PACKAGE_TARNAME "libstelephony"
| #define PACKAGE_VERSION "2.0.0"
| #define PACKAGE_STRING "libstelephony 2.0.0"
| #define PACKAGE_BUGREPORT ""
| #define PACKAGE_URL ""
| #define PACKAGE "libstelephony"
| #define VERSION "2.0.0"
| #define STDC_HEADERS 1
| #define HAVE_SYS_TYPES_H 1
| #define HAVE_SYS_STAT_H 1
| #define HAVE_STDLIB_H 1
| #define HAVE_STRING_H 1
| #define HAVE_MEMORY_H 1
| #define HAVE_STRINGS_H 1
| #define HAVE_INTTYPES_H 1
| #define HAVE_STDINT_H 1
| #define HAVE_UNISTD_H 1
| #define HAVE_DLFCN_H 1
| #define LT_OBJDIR ".libs/"
| /* end confdefs.h.  */
| #include <ac_nonexistent.h>
configure:12532: result: g++ -E
configure:12552: g++ -E  conftest.cpp
configure:12552: $? = 0
configure:12566: g++ -E  conftest.cpp
conftest.cpp:23:28: fatal error: ac_nonexistent.h: No such file or directory
 #include <ac_nonexistent.h>
                            ^
compilation terminated.
configure:12566: $? = 1
configure: failed program was:
| /* confdefs.h */
| #define PACKAGE_NAME "libstelephony"
| #define PACKAGE_TARNAME "libstelephony"
| #define PACKAGE_VERSION "2.0.0"
| #define PACKAGE_STRING "libstelephony 2.0.0"
| #define PACKAGE_BUGREPORT ""
| #define PACKAGE_URL ""
| #define PACKAGE "libstelephony"
| #define VERSION "2.0.0"
| #define STDC_HEADERS 1
| #define HAVE_SYS_TYPES_H 1
| #define HAVE_SYS_STAT_H 1
| #define HAVE_STDLIB_H 1
| #define HAVE_STRING_H 1
| #define HAVE_MEMORY_H 1
| #define HAVE_STRINGS_H 1
| #define HAVE_INTTYPES_H 1
| #define HAVE_STDINT_H 1
| #define HAVE_UNISTD_H 1
| #define HAVE_DLFCN_H 1
| #define LT_OBJDIR ".libs/"
| /* end confdefs.h.  */
| #include <ac_nonexistent.h>
configure:12728: checking for ld used by g++
configure:12795: result: /usr/bin/ld -m elf_x86_64
configure:12802: checking if the linker (/usr/bin/ld -m elf_x86_64) is GNU ld
configure:12817: result: yes
configure:12872: checking whether the g++ linker (/usr/bin/ld -m elf_x86_64) supports shared libraries
configure:13945: result: yes
configure:13981: g++ -c -g -O2  conftest.cpp >&5
configure:13984: $? = 0
configure:14465: checking for g++ option to produce PIC
configure:14472: result: -fPIC -DPIC
configure:14480: checking if g++ PIC flag -fPIC -DPIC works
configure:14498: g++ -c -g -O2  -fPIC -DPIC -DPIC conftest.cpp >&5
configure:14502: $? = 0
configure:14515: result: yes
configure:14538: checking if g++ static flag -static works
configure:14566: result: yes
configure:14578: checking if g++ supports -c -o file.o
configure:14599: g++ -c -g -O2  -o out/conftest2.o conftest.cpp >&5
configure:14603: $? = 0
configure:14625: result: yes
configure:14630: checking if g++ supports -c -o file.o
configure:14677: result: yes
configure:14707: checking whether the g++ linker (/usr/bin/ld -m elf_x86_64) supports shared libraries
configure:14750: result: yes
configure:14891: checking dynamic linker characteristics
configure:15648: result: GNU/Linux ld.so
configure:15713: checking how to hardcode library paths into programs
configure:15738: result: immediate
configure:15804: checking fcntl.h usability
configure:15804: gcc -c -g -O2  conftest.c >&5
configure:15804: $? = 0
configure:15804: result: yes
configure:15804: checking fcntl.h presence
configure:15804: gcc -E  conftest.c
configure:15804: $? = 0
configure:15804: result: yes
configure:15804: checking for fcntl.h
configure:15804: result: yes
configure:15804: checking netinet/in.h usability
configure:15804: gcc -c -g -O2  conftest.c >&5
configure:15804: $? = 0
configure:15804: result: yes
configure:15804: checking netinet/in.h presence
configure:15804: gcc -E  conftest.c
configure:15804: $? = 0
configure:15804: result: yes
configure:15804: checking for netinet/in.h
configure:15804: result: yes
configure:15804: checking for stdlib.h
configure:15804: result: yes
configure:15804: checking for string.h
configure:15804: result: yes
configure:15804: checking sys/ioctl.h usability
configure:15804: gcc -c -g -O2  conftest.c >&5
configure:15804: $? = 0
configure:15804: result: yes
configure:15804: checking sys/ioctl.h presence
configure:15804: gcc -E  conftest.c
configure:15804: $? = 0
configure:15804: result: yes
configure:15804: checking for sys/ioctl.h
configure:15804: result: yes
configure:15804: checking sys/socket.h usability
configure:15804: gcc -c -g -O2  conftest.c >&5
configure:15804: $? = 0
configure:15804: result: yes
configure:15804: checking sys/socket.h presence
configure:15804: gcc -E  conftest.c
configure:15804: $? = 0
configure:15804: result: yes
configure:15804: checking for sys/socket.h
configure:15804: result: yes
configure:15804: checking sys/time.h usability
configure:15804: gcc -c -g -O2  conftest.c >&5
configure:15804: $? = 0
configure:15804: result: yes
configure:15804: checking sys/time.h presence
configure:15804: gcc -E  conftest.c
configure:15804: $? = 0
configure:15804: result: yes
configure:15804: checking for sys/time.h
configure:15804: result: yes
configure:15804: checking for unistd.h
configure:15804: result: yes
configure:15804: checking math.h usability
configure:15804: gcc -c -g -O2  conftest.c >&5
configure:15804: $? = 0
configure:15804: result: yes
configure:15804: checking math.h presence
configure:15804: gcc -E  conftest.c
configure:15804: $? = 0
configure:15804: result: yes
configure:15804: checking for math.h
configure:15804: result: yes
configure:15816: checking whether time.h and sys/time.h may both be included
configure:15836: gcc -c -g -O2  conftest.c >&5
configure:15836: $? = 0
configure:15843: result: yes
configure:15856: checking sys/select.h usability
configure:15856: gcc -c -g -O2  conftest.c >&5
configure:15856: $? = 0
configure:15856: result: yes
configure:15856: checking sys/select.h presence
configure:15856: gcc -E  conftest.c
configure:15856: $? = 0
configure:15856: result: yes
configure:15856: checking for sys/select.h
configure:15856: result: yes
configure:15856: checking for sys/socket.h
configure:15856: result: yes
configure:15866: checking types of arguments for select
configure:15894: gcc -c -g -O2  conftest.c >&5
configure:15894: $? = 0
configure:15905: result: int,fd_set *,struct timeval *
configure:15931: checking for gettimeofday
configure:15931: gcc -o conftest -g -O2   conftest.c  >&5
configure:15931: $? = 0
configure:15931: result: yes
configure:15931: checking for memset
configure:15931: gcc -o conftest -g -O2   conftest.c  >&5
conftest.c:62:6: warning: conflicting types for built-in function 'memset'
 char memset ();
      ^~~~~~
configure:15931: $? = 0
configure:15931: result: yes
configure:15931: checking for select
configure:15931: gcc -o conftest -g -O2   conftest.c  >&5
configure:15931: $? = 0
configure:15931: result: yes
configure:15931: checking for socket
configure:15931: gcc -o conftest -g -O2   conftest.c  >&5
configure:15931: $? = 0
configure:15931: result: yes
configure:16051: checking that generated files are newer than configure
configure:16057: result: done
configure:16084: creating ./config.status

## ---------------------- ##
## Running config.status. ##
## ---------------------- ##

This file was extended by libstelephony config.status 2.0.0, which was
generated by GNU Autoconf 2.69.  Invocation command line was

  CONFIG_FILES    = 
  CONFIG_HEADERS  = 
  CONFIG_LINKS    = 
  CONFIG_COMMANDS = 
  $ ./config.status 

on kercheep

config.status:1166: creating Makefile
config.status:1166: creating config.h
config.status:1347: config.h is unchanged
config.status:1395: executing depfiles commands
config.status:1395: executing libtool commands

## ---------------- ##
## Cache variables. ##
## ---------------- ##

ac_cv_build=x86_64-pc-linux-gnu
ac_cv_c_compiler_gnu=yes
ac_cv_cxx_compiler_gnu=yes
ac_cv_env_CCC_set=
ac_cv_env_CCC_value=
ac_cv_env_CC_set=
ac_cv_env_CC_value=
ac_cv_env_CFLAGS_set=
ac_cv_env_CFLAGS_value=
ac_cv_env_CPPFLAGS_set=
ac_cv_env_CPPFLAGS_value=
ac_cv_env_CPP_set=
ac_cv_env_CPP_value=
ac_cv_env_CXXCPP_set=
ac_cv_env_CXXCPP_value=
ac_cv_env_CXXFLAGS_set=
ac_cv_env_CXXFLAGS_value=
ac_cv_env_CXX_set=
ac_cv_env_CXX_value=
ac_cv_env_LDFLAGS_set=
ac_cv_env_LDFLAGS_value=
ac_cv_env_LIBS_set=
ac_cv_env_LIBS_value=
ac_cv_env_LT_SYS_LIBRARY_PATH_set=
ac_cv_env_LT_SYS_LIBRARY_PATH_value=
ac_cv_env_build_alias_set=
ac_cv_env_build_alias_value=
ac_cv_env_host_alias_set=
ac_cv_env_host_alias_value=
ac_cv_env_target_alias_set=
ac_cv_env_target_alias_value=
ac_cv_func_gettimeofday=yes
ac_cv_func_memset=yes
ac_cv_func_select=yes
ac_cv_func_select_args='int,fd_set *,struct timeval *'
ac_cv_func_socket=yes
ac_cv_header_dlfcn_h=yes
ac_cv_header_fcntl_h=yes
ac_cv_header_inttypes_h=yes
ac_cv_header_math_h=yes
ac_cv_header_memory_h=yes
ac_cv_header_netinet_in_h=yes
ac_cv_header_stdc=yes
ac_cv_header_stdint_h=yes
ac_cv_header_stdlib_h=yes
ac_cv_header_string_h=yes
ac_cv_header_strings_h=yes
ac_cv_header_sys_ioctl_h=yes
ac_cv_header_sys_select_h=yes
ac_cv_header_sys_socket_h=yes
ac_cv_header_sys_stat_h=yes
ac_cv_header_sys_time_h=yes
ac_cv_header_sys_types_h=yes
ac_cv_header_time=yes
ac_cv_header_unistd_h=yes
ac_cv_host=x86_64-pc-linux-gnu
ac_cv_objext=o
ac_cv_path_EGREP='/bin/grep -E'
ac_cv_path_FGREP='/bin/grep -F'
ac_cv_path_GREP=/bin/grep
ac_cv_path_SED=/bin/sed
ac_cv_path_install='/usr/bin/install -c'
ac_cv_path_lt_DD=/bin/dd
ac_cv_path_mkdir=/bin/mkdir
ac_cv_prog_AWK=gawk
ac_cv_prog_CPP='gcc -E'
ac_cv_prog_CXXCPP='g++ -E'
ac_cv_prog_ac_ct_AR=ar
ac_cv_prog_ac_ct_CC=gcc
ac_cv_prog_ac_ct_CXX=g++
ac_cv_prog_ac_ct_MANIFEST_TOOL=mt
ac_cv_prog_ac_ct_OBJDUMP=objdump
ac_cv_prog_ac_ct_RANLIB=ranlib
ac_cv_prog_ac_ct_STRIP=strip
ac_cv_prog_cc_c89=
ac_cv_prog_cc_g=yes
ac_cv_prog_cxx_g=yes
ac_cv_prog_make_make_set=yes
am_cv_CC_dependencies_compiler_type=gcc3
am_cv_CXX_dependencies_compiler_type=gcc3
am_cv_make_support_nested_variables=yes
am_cv_prog_cc_c_o=yes
lt_cv_ar_at_file=@
lt_cv_archive_cmds_need_lc=no
lt_cv_deplibs_check_method=pass_all
lt_cv_file_magic_cmd='$MAGIC_CMD'
lt_cv_file_magic_test_file=
lt_cv_ld_reload_flag=-r
lt_cv_nm_interface='BSD nm'
lt_cv_objdir=.libs
lt_cv_path_LD=/usr/bin/ld
lt_cv_path_LDCXX='/usr/bin/ld -m elf_x86_64'
lt_cv_path_NM='/usr/bin/nm -B'
lt_cv_path_mainfest_tool=no
lt_cv_prog_compiler_c_o=yes
lt_cv_prog_compiler_c_o_CXX=yes
lt_cv_prog_compiler_pic='-fPIC -DPIC'
lt_cv_prog_compiler_pic_CXX='-fPIC -DPIC'
lt_cv_prog_compiler_pic_works=yes
lt_cv_prog_compiler_pic_works_CXX=yes
lt_cv_prog_compiler_rtti_exceptions=no
lt_cv_prog_compiler_static_works=yes
lt_cv_prog_compiler_static_works_CXX=yes
lt_cv_prog_gnu_ld=yes
lt_cv_prog_gnu_ldcxx=yes
lt_cv_sharedlib_from_linklib_cmd='printf %s\n'
lt_cv_shlibpath_overrides_runpath=yes
lt_cv_sys_global_symbol_pipe='sed -n -e '\''s/^.*[	 ]\([ABCDGIRSTW][ABCDGIRSTW]*\)[	 ][	 ]*\([_A-Za-z][_A-Za-z0-9]*\)$/\1 \2 \2/p'\'' | sed '\''/ __gnu_lto/d'\'''
lt_cv_sys_global_symbol_to_c_name_address='sed -n -e '\''s/^: \(.*\) .*$/  {"\1", (void *) 0},/p'\'' -e '\''s/^[ABCDGIRSTW][ABCDGIRSTW]* .* \(.*\)$/  {"\1", (void *) \&\1},/p'\'''
lt_cv_sys_global_symbol_to_c_name_address_lib_prefix='sed -n -e '\''s/^: \(.*\) .*$/  {"\1", (void *) 0},/p'\'' -e '\''s/^[ABCDGIRSTW][ABCDGIRSTW]* .* \(lib.*\)$/  {"\1", (void *) \&\1},/p'\'' -e '\''s/^[ABCDGIRSTW][ABCDGIRSTW]* .* \(.*\)$/  {"lib\1", (void *) \&\1},/p'\'''
lt_cv_sys_global_symbol_to_cdecl='sed -n -e '\''s/^T .* \(.*\)$/extern int \1();/p'\'' -e '\''s/^[ABCDGIRSTW][ABCDGIRSTW]* .* \(.*\)$/extern char \1;/p'\'''
lt_cv_sys_global_symbol_to_import=
lt_cv_sys_max_cmd_len=1572864
lt_cv_to_host_file_cmd=func_convert_file_noop
lt_cv_to_tool_file_cmd=func_convert_file_noop
lt_cv_truncate_bin='/bin/dd bs=4096 count=1'

## ----------------- ##
## Output variables. ##
## ----------------- ##

ACLOCAL='${SHELL} /home/sarah/phonethings/wanpipe/api/libstelephony/missing aclocal-1.15'
AMDEPBACKSLASH='\'
AMDEP_FALSE='#'
AMDEP_TRUE=''
AMTAR='$${TAR-tar}'
AM_BACKSLASH='\'
AM_DEFAULT_V='$(AM_DEFAULT_VERBOSITY)'
AM_DEFAULT_VERBOSITY='1'
AM_V='$(V)'
AR='ar'
AUTOCONF='${SHELL} /home/sarah/phonethings/wanpipe/api/libstelephony/missing autoconf'
AUTOHEADER='${SHELL} /home/sarah/phonethings/wanpipe/api/libstelephony/missing autoheader'
AUTOMAKE='${SHELL} /home/sarah/phonethings/wanpipe/api/libstelephony/missing automake-1.15'
AWK='gawk'
CC='gcc'
CCDEPMODE='depmode=gcc3'
CFLAGS='-g -O2'
CPP='gcc -E'
CPPFLAGS=''
CXX='g++'
CXXCPP='g++ -E'
CXXDEPMODE='depmode=gcc3'
CXXFLAGS='-g -O2'
CYGPATH_W='echo'
DEFS='-DHAVE_CONFIG_H'
DEPDIR='.deps'
DLLTOOL='false'
DSYMUTIL=''
DUMPBIN=''
ECHO_C=''
ECHO_N='-n'
ECHO_T=''
EGREP='/bin/grep -E'
EXEEXT=''
FGREP='/bin/grep -F'
GREP='/bin/grep'
INSTALL_DATA='${INSTALL} -m 644'
INSTALL_PROGRAM='${INSTALL}'
INSTALL_SCRIPT='${INSTALL}'
INSTALL_STRIP_PROGRAM='$(install_sh) -c -s'
LD='/usr/bin/ld -m elf_x86_64'
LDFLAGS=''
LIBOBJS=''
LIBS=''
LIBTOOL='$(SHELL) $(top_builddir)/libtool'
LIPO=''
LN_S='ln -s'
LTLIBOBJS=''
LT_SYS_LIBRARY_PATH=''
MAKEINFO='${SHELL} /home/sarah/phonethings/wanpipe/api/libstelephony/missing makeinfo'
MANIFEST_TOOL=':'
MKDIR_P='/bin/mkdir -p'
NM='/usr/bin/nm -B'
NMEDIT=''
OBJDUMP='objdump'
OBJEXT='o'
OTOOL64=''
OTOOL=''
PACKAGE='libstelephony'
PACKAGE_BUGREPORT=''
PACKAGE_NAME='libstelephony'
PACKAGE_STRING='libstelephony 2.0.0'
PACKAGE_TARNAME='libstelephony'
PACKAGE_URL=''
PACKAGE_VERSION='2.0.0'
PATH_SEPARATOR=':'
RANLIB='ranlib'
SED='/bin/sed'
SET_MAKE=''
SHELL='/bin/bash'
STRIP='strip'
VERSION='2.0.0'
ac_ct_AR='ar'
ac_ct_CC='gcc'
ac_ct_CXX='g++'
ac_ct_DUMPBIN=''
am__EXEEXT_FALSE=''
am__EXEEXT_TRUE='#'
am__fastdepCC_FALSE='#'
am__fastdepCC_TRUE=''
am__fastdepCXX_FALSE='#'
am__fastdepCXX_TRUE=''
am__include='include'
am__isrc=''
am__leading_dot='.'
am__nodep='_no'
am__quote=''
am__tar='$${TAR-tar} chof - "$$tardir"'
am__untar='$${TAR-tar} xf -'
bindir='${exec_prefix}/bin'
build='x86_64-pc-linux-gnu'
build_alias=''
build_cpu='x86_64'
build_os='linux-gnu'
build_vendor='pc'
datadir='${datarootdir}'
datarootdir='${prefix}/share'
docdir='${datarootdir}/doc/${PACKAGE_TARNAME}'
dvidir='${docdir}'
exec_prefix='${prefix}'
host='x86_64-pc-linux-gnu'
host_alias=''
host_cpu='x86_64'
host_os='linux-gnu'
host_vendor='pc'
htmldir='${docdir}'
includedir='${prefix}/include'
infodir='${datarootdir}/info'
install_sh='${SHELL} /home/sarah/phonethings/wanpipe/api/libstelephony/install-sh'
libdir='${exec_prefix}/lib'
libexecdir='${exec_prefix}/libexec'
localedir='${datarootdir}/locale'
localstatedir='${prefix}/var'
mandir='${datarootdir}/man'
mkdir_p='$(MKDIR_P)'
oldincludedir='/usr/include'
pdfdir='${docdir}'
prefix='/usr'
program_transform_name='s,x,x,'
psdir='${docdir}'
runstatedir='${localstatedir}/run'
sbindir='${exec_prefix}/sbin'
sharedstatedir='${prefix}/com'
sysconfdir='${prefix}/etc'
target_alias=''

## ----------- ##
## confdefs.h. ##
## ----------- ##

/* confdefs.h */
#define PACKAGE_NAME "libstelephony"
#define PACKAGE_TARNAME "libstelephony"
#define PACKAGE_VERSION "2.0.0"
#define PACKAGE_STRING "libstelephony 2.0.0"
#define PACKAGE_BUGREPORT ""
#define PACKAGE_URL ""
#define PACKAGE "libstelephony"
#define VERSION "2.0.0"
#define STDC_HEADERS 1
#define HAVE_SYS_TYPES_H 1
#define HAVE_SYS_STAT_H 1
#define HAVE_STDLIB_H 1
#define HAVE_STRING_H 1
#define HAVE_MEMORY_H 1
#define HAVE_STRINGS_H 1
#define HAVE_INTTYPES_H 1
#define HAVE_STDINT_H 1
#define HAVE_UNISTD_H 1
#define HAVE_DLFCN_H 1
#define LT_OBJDIR ".libs/"
#define HAVE_FCNTL_H 1
#define HAVE_NETINET_IN_H 1
#define HAVE_STDLIB_H 1
#define HAVE_STRING_H 1
#define HAVE_SYS_IOCTL_H 1
#define HAVE_SYS_SOCKET_H 1
#define HAVE_SYS_TIME_H 1
#define HAVE_UNISTD_H 1
#define HAVE_MATH_H 1
#define TIME_WITH_SYS_TIME 1
#define HAVE_SYS_SELECT_H 1
#define HAVE_SYS_SOCKET_H 1
#define SELECT_TYPE_ARG1 int
#define SELECT_TYPE_ARG234 (fd_set *)
#define SELECT_TYPE_ARG5 (struct timeval *)
#define HAVE_GETTIMEOFDAY 1
#define HAVE_MEMSET 1
#define HAVE_SELECT 1
#define HAVE_SOCKET 1

configure: exit 0
